<?xml version="1.0" encoding="UTF-8"?>
<!-- Generated by org.testng.reporters.JUnitReportReporter -->
<testsuite skipped="0" hostname="DESKTOP-B8PJ5UK" name="com.w2automation.TestCases.TC02_Login" tests="2" failures="0" timestamp="2022-04-29T14:42:59 IST" time="21.602" errors="0">
  <testcase name="login" time="11.426" classname="com.w2automation.TestCases.TC02_Login"/>
  <system-out/>
  <testcase name="login" time="10.176" classname="com.w2automation.TestCases.TC02_Login"/>
  <system-out/>
</testsuite> <!-- com.w2automation.TestCases.TC02_Login -->
