<?xml version="1.0" encoding="UTF-8"?>
<!-- Generated by org.testng.reporters.JUnitReportReporter -->
<testsuite skipped="0" hostname="DESKTOP-B8PJ5UK" name="com.w2automation.TestCases.TC01_Registration" tests="2" failures="0" timestamp="2022-04-29T14:42:59 IST" time="31.277" errors="0">
  <testcase name="Registration" time="15.021" classname="com.w2automation.TestCases.TC01_Registration"/>
  <system-out/>
  <testcase name="Registration" time="16.256" classname="com.w2automation.TestCases.TC01_Registration"/>
  <system-out/>
</testsuite> <!-- com.w2automation.TestCases.TC01_Registration -->
